<?xml version="1.0" encoding="UTF-8"?>
<testsuite xmlns:xsi="http://www.w3.org/2001/XMLSchema-instance" xsi:noNamespaceSchemaLocation="https://maven.apache.org/surefire/maven-surefire-plugin/xsd/surefire-test-report-3.0.xsd" version="3.0" name="com.airline.flightmanagement.service.BookingServiceTest" time="0.47" tests="17" errors="0" skipped="0" failures="6">
  <properties>
[...]
</properties>
  <testcase name="testBookFlight_WithCustomerCategoryDiscount" classname="com.airline.flightmanagement.service.BookingServiceTest" time="0.386">
    <failure message="expected: &lt;true&gt; but was: &lt;false&gt;" type="org.opentest4j.AssertionFailedError"><![CDATA[org.opentest4j.AssertionFailedError: expected: <true> but was: <false>
	at org.junit.jupiter.api.AssertionFailureBuilder.build(AssertionFailureBuilder.java:151)
	at org.junit.jupiter.api.AssertionFailureBuilder.buildAndThrow(AssertionFailureBuilder.java:132)
	at org.junit.jupiter.api.AssertTrue.failNotTrue(AssertTrue.java:63)
	at org.junit.jupiter.api.AssertTrue.assertTrue(AssertTrue.java:36)
	at org.junit.jupiter.api.AssertTrue.assertTrue(AssertTrue.java:31)
	at org.junit.jupiter.api.Assertions.assertTrue(Assertions.java:183)
	at com.airline.flightmanagement.service.BookingServiceTest.testBookFlight_WithCustomerCategoryDiscount(BookingServiceTest.java:229)
	at java.base/java.lang.reflect.Method.invoke(Method.java:580)
	at java.base/java.util.ArrayList.forEach(ArrayList.java:1596)
	at java.base/java.util.ArrayList.forEach(ArrayList.java:1596)
]]></failure>
  </testcase>
  <testcase name="testBookFlight_Success" classname="com.airline.flightmanagement.service.BookingServiceTest" time="0.015">
    <failure message="&#10;flightRepository.findById(1L);&#10;Wanted 1 time:&#10;-&gt; at com.airline.flightmanagement.service.BookingServiceTest.testBookFlight_Success(BookingServiceTest.java:134)&#10;But was 2 times:&#10;-&gt; at com.airline.flightmanagement.service.BookingService.bookFlight(BookingService.java:42)&#10;-&gt; at com.airline.flightmanagement.service.BookingService.checkSeatAvailability(BookingService.java:88)&#10;&#10;" type="org.mockito.exceptions.verification.TooManyActualInvocations"><![CDATA[org.mockito.exceptions.verification.TooManyActualInvocations: 

flightRepository.findById(1L);
Wanted 1 time:
-> at com.airline.flightmanagement.service.BookingServiceTest.testBookFlight_Success(BookingServiceTest.java:134)
But was 2 times:
-> at com.airline.flightmanagement.service.BookingService.bookFlight(BookingService.java:42)
-> at com.airline.flightmanagement.service.BookingService.checkSeatAvailability(BookingService.java:88)


	at com.airline.flightmanagement.service.BookingServiceTest.testBookFlight_Success(BookingServiceTest.java:134)
	at java.base/java.lang.reflect.Method.invoke(Method.java:580)
	at java.base/java.util.ArrayList.forEach(ArrayList.java:1596)
	at java.base/java.util.ArrayList.forEach(ArrayList.java:1596)
]]></failure>
  </testcase>
  <testcase name="testBookFlight_UserNotFound" classname="com.airline.flightmanagement.service.BookingServiceTest" time="0.006"/>
  <testcase name="testCancelBooking_RefundCalculation" classname="com.airline.flightmanagement.service.BookingServiceTest" time="0.004"/>
  <testcase name="testGetUserBookings_Success" classname="com.airline.flightmanagement.service.BookingServiceTest" time="0.004"/>
  <testcase name="testCancelBooking" classname="com.airline.flightmanagement.service.BookingServiceTest" time="0.004"/>
  <testcase name="testGetUserBookings_FlightNotFound" classname="com.airline.flightmanagement.service.BookingServiceTest" time="0.003"/>
  <testcase name="testCancelBooking_BookingNotFound" classname="com.airline.flightmanagement.service.BookingServiceTest" time="0.002"/>
  <testcase name="testGetBookingById_Success" classname="com.airline.flightmanagement.service.BookingServiceTest" time="0.003"/>
  <testcase name="testCancelBooking_AlreadyCancelled" classname="com.airline.flightmanagement.service.BookingServiceTest" time="0.003"/>
  <testcase name="testBookFlight_WithAdvanceBookingDiscount" classname="com.airline.flightmanagement.service.BookingServiceTest" time="0.003"/>
  <testcase name="testBookFlight_InsufficientSeats" classname="com.airline.flightmanagement.service.BookingServiceTest" time="0.004">
    <failure message="&#10;flightRepository.findById(1L);&#10;Wanted 1 time:&#10;-&gt; at com.airline.flightmanagement.service.BookingServiceTest.testBookFlight_InsufficientSeats(BookingServiceTest.java:187)&#10;But was 2 times:&#10;-&gt; at com.airline.flightmanagement.service.BookingService.bookFlight(BookingService.java:42)&#10;-&gt; at com.airline.flightmanagement.service.BookingService.checkSeatAvailability(BookingService.java:88)&#10;&#10;" type="org.mockito.exceptions.verification.TooManyActualInvocations"><![CDATA[org.mockito.exceptions.verification.TooManyActualInvocations: 

flightRepository.findById(1L);
Wanted 1 time:
-> at com.airline.flightmanagement.service.BookingServiceTest.testBookFlight_InsufficientSeats(BookingServiceTest.java:187)
But was 2 times:
-> at com.airline.flightmanagement.service.BookingService.bookFlight(BookingService.java:42)
-> at com.airline.flightmanagement.service.BookingService.checkSeatAvailability(BookingService.java:88)


	at com.airline.flightmanagement.service.BookingServiceTest.testBookFlight_InsufficientSeats(BookingServiceTest.java:187)
	at java.base/java.lang.reflect.Method.invoke(Method.java:580)
	at java.base/java.util.ArrayList.forEach(ArrayList.java:1596)
	at java.base/java.util.ArrayList.forEach(ArrayList.java:1596)
]]></failure>
  </testcase>
  <testcase name="testBookFlight_NoDiscounts" classname="com.airline.flightmanagement.service.BookingServiceTest" time="0.003">
    <failure message="expected: &lt;0&gt; but was: &lt;89.98&gt;" type="org.opentest4j.AssertionFailedError"><![CDATA[org.opentest4j.AssertionFailedError: expected: <0> but was: <89.98>
	at org.junit.jupiter.api.AssertionFailureBuilder.build(AssertionFailureBuilder.java:151)
	at org.junit.jupiter.api.AssertionFailureBuilder.buildAndThrow(AssertionFailureBuilder.java:132)
	at org.junit.jupiter.api.AssertEquals.failNotEqual(AssertEquals.java:197)
	at org.junit.jupiter.api.AssertEquals.assertEquals(AssertEquals.java:182)
	at org.junit.jupiter.api.AssertEquals.assertEquals(AssertEquals.java:177)
	at org.junit.jupiter.api.Assertions.assertEquals(Assertions.java:1145)
	at com.airline.flightmanagement.service.BookingServiceTest.testBookFlight_NoDiscounts(BookingServiceTest.java:270)
	at java.base/java.lang.reflect.Method.invoke(Method.java:580)
	at java.base/java.util.ArrayList.forEach(ArrayList.java:1596)
	at java.base/java.util.ArrayList.forEach(ArrayList.java:1596)
]]></failure>
  </testcase>
  <testcase name="testGetUserBookings_EmptyList" classname="com.airline.flightmanagement.service.BookingServiceTest" time="0.002"/>
  <testcase name="testBookFlight_FlightNotFound" classname="com.airline.flightmanagement.service.BookingServiceTest" time="0.003"/>
  <testcase name="testBookFlight_CreateNewFlightSchedule" classname="com.airline.flightmanagement.service.BookingServiceTest" time="0.005">
    <failure message="&#10;flightScheduleRepository.save(&#10;    &lt;any com.airline.flightmanagement.entity.FlightSchedule&gt;&#10;);&#10;Wanted 1 time:&#10;-&gt; at com.airline.flightmanagement.service.BookingServiceTest.testBookFlight_CreateNewFlightSchedule(BookingServiceTest.java:289)&#10;But was 2 times:&#10;-&gt; at com.airline.flightmanagement.service.BookingService.getOrCreateFlightSchedule(BookingService.java:249)&#10;-&gt; at com.airline.flightmanagement.service.BookingService.bookFlight(BookingService.java:77)&#10;&#10;" type="org.mockito.exceptions.verification.TooManyActualInvocations"><![CDATA[org.mockito.exceptions.verification.TooManyActualInvocations: 

flightScheduleRepository.save(
    <any com.airline.flightmanagement.entity.FlightSchedule>
);
Wanted 1 time:
-> at com.airline.flightmanagement.service.BookingServiceTest.testBookFlight_CreateNewFlightSchedule(BookingServiceTest.java:289)
But was 2 times:
-> at com.airline.flightmanagement.service.BookingService.getOrCreateFlightSchedule(BookingService.java:249)
-> at com.airline.flightmanagement.service.BookingService.bookFlight(BookingService.java:77)


	at com.airline.flightmanagement.service.BookingServiceTest.testBookFlight_CreateNewFlightSchedule(BookingServiceTest.java:289)
	at java.base/java.lang.reflect.Method.invoke(Method.java:580)
	at java.base/java.util.ArrayList.forEach(ArrayList.java:1596)
	at java.base/java.util.ArrayList.forEach(ArrayList.java:1596)
]]></failure>
  </testcase>
  <testcase name="testBookFlight_WithBulkBookingDiscount" classname="com.airline.flightmanagement.service.BookingServiceTest" time="0.004">
    <failure message="expected: &lt;true&gt; but was: &lt;false&gt;" type="org.opentest4j.AssertionFailedError"><![CDATA[org.opentest4j.AssertionFailedError: expected: <true> but was: <false>
	at org.junit.jupiter.api.AssertionFailureBuilder.build(AssertionFailureBuilder.java:151)
	at org.junit.jupiter.api.AssertionFailureBuilder.buildAndThrow(AssertionFailureBuilder.java:132)
	at org.junit.jupiter.api.AssertTrue.failNotTrue(AssertTrue.java:63)
	at org.junit.jupiter.api.AssertTrue.assertTrue(AssertTrue.java:36)
	at org.junit.jupiter.api.AssertTrue.assertTrue(AssertTrue.java:31)
	at org.junit.jupiter.api.Assertions.assertTrue(Assertions.java:183)
	at com.airline.flightmanagement.service.BookingServiceTest.testBookFlight_WithBulkBookingDiscount(BookingServiceTest.java:249)
	at java.base/java.lang.reflect.Method.invoke(Method.java:580)
	at java.base/java.util.ArrayList.forEach(ArrayList.java:1596)
	at java.base/java.util.ArrayList.forEach(ArrayList.java:1596)
]]></failure>
  </testcase>
</testsuite>