<?xml version="1.0" encoding="UTF-8"?>
<testsuite xmlns:xsi="http://www.w3.org/2001/XMLSchema-instance" xsi:noNamespaceSchemaLocation="https://maven.apache.org/surefire/maven-surefire-plugin/xsd/surefire-test-report-3.0.xsd" version="3.0" name="com.airline.flightmanagement.FlightManagementApplicationTests" time="4.738" tests="1" errors="0" skipped="0" failures="0">
  <properties>
[...]
</properties>
  <testcase name="contextLoads" classname="com.airline.flightmanagement.FlightManagementApplicationTests" time="0.004">
    <system-out><![CDATA[2025-08-22T07:38:24.226+05:30  INFO 34016 --- [           main] t.c.s.AnnotationConfigContextLoaderUtils : Could not detect default configuration classes for test class [com.airline.flightmanagement.FlightManagementApplicationTests]: FlightManagementApplicationTests does not declare any static, non-private, non-final, nested classes annotated with @Configuration.
2025-08-22T07:38:24.254+05:30  INFO 34016 --- [           main] .b.t.c.SpringBootTestContextBootstrapper : Found @SpringBootConfiguration com.airline.flightmanagement.FlightManagementApplication for test class com.airline.flightmanagement.FlightManagementApplicationTests
2025-08-22T07:38:24.269+05:30  INFO 34016 --- [           main] o.s.b.d.r.RestartApplicationListener     : Restart disabled due to context in which it is running

  .   ____          _            __ _ _
 /\\ / ___'_ __ _ _(_)_ __  __ _ \ \ \ \
( ( )\___ | '_ | '_| | '_ \/ _` | \ \ \ \
 \\/  ___)| |_)| | | | | || (_| |  ) ) ) )
  '  |____| .__|_| |_|_| |_\__, | / / / /
 =========|_|==============|___/=/_/_/_/
 :: Spring Boot ::                (v3.2.0)

2025-08-22T07:38:24.305+05:30  INFO 34016 --- [           main] c.a.f.FlightManagementApplicationTests   : Starting FlightManagementApplicationTests using Java 21.0.5 with PID 34016 (started by aniru in C:\Users\aniru\OneDrive\Desktop\flight_management\backend)
2025-08-22T07:38:24.306+05:30 DEBUG 34016 --- [           main] c.a.f.FlightManagementApplicationTests   : Running with Spring Boot v3.2.0, Spring v6.1.1
2025-08-22T07:38:24.306+05:30  INFO 34016 --- [           main] c.a.f.FlightManagementApplicationTests   : No active profile set, falling back to 1 default profile: "default"
2025-08-22T07:38:24.308+05:30 DEBUG 34016 --- [           main] o.s.w.c.s.GenericWebApplicationContext   : Refreshing org.springframework.web.context.support.GenericWebApplicationContext@11dbcb3b
2025-08-22T07:38:24.709+05:30  INFO 34016 --- [           main] .s.d.r.c.RepositoryConfigurationDelegate : Bootstrapping Spring Data JPA repositories in DEFAULT mode.
2025-08-22T07:38:24.782+05:30  INFO 34016 --- [           main] .s.d.r.c.RepositoryConfigurationDelegate : Finished Spring Data repository scanning in 57 ms. Found 5 JPA repository interfaces.
2025-08-22T07:38:25.132+05:30  INFO 34016 --- [           main] o.hibernate.jpa.internal.util.LogHelper  : HHH000204: Processing PersistenceUnitInfo [name: default]
2025-08-22T07:38:25.227+05:30  INFO 34016 --- [           main] org.hibernate.Version                    : HHH000412: Hibernate ORM core version 6.3.1.Final
2025-08-22T07:38:25.269+05:30  INFO 34016 --- [           main] o.h.c.internal.RegionFactoryInitiator    : HHH000026: Second-level cache disabled
2025-08-22T07:38:25.480+05:30  INFO 34016 --- [           main] o.s.o.j.p.SpringPersistenceUnitInfo      : No LoadTimeWeaver setup: ignoring JPA class transformer
2025-08-22T07:38:25.522+05:30  INFO 34016 --- [           main] com.zaxxer.hikari.HikariDataSource       : HikariPool-1 - Starting...
2025-08-22T07:38:25.810+05:30  INFO 34016 --- [           main] com.zaxxer.hikari.pool.HikariPool        : HikariPool-1 - Added connection conn0: url=jdbc:h2:mem:flightdb user=SA
2025-08-22T07:38:25.812+05:30  INFO 34016 --- [           main] com.zaxxer.hikari.HikariDataSource       : HikariPool-1 - Start completed.
2025-08-22T07:38:25.838+05:30  WARN 34016 --- [           main] org.hibernate.orm.deprecation            : HHH90000025: H2Dialect does not need to be specified explicitly using 'hibernate.dialect' (remove the property setting and it will be selected by default)
2025-08-22T07:38:26.787+05:30  INFO 34016 --- [           main] o.h.e.t.j.p.i.JtaPlatformInitiator       : HHH000489: No JTA platform available (set 'hibernate.transaction.jta.platform' to enable JTA platform integration)
2025-08-22T07:38:26.808+05:30 DEBUG 34016 --- [           main] org.hibernate.SQL                        : 
    drop table if exists bookings cascade 
Hibernate: 
    drop table if exists bookings cascade 
2025-08-22T07:38:26.812+05:30 DEBUG 34016 --- [           main] org.hibernate.SQL                        : 
    drop table if exists carriers cascade 
Hibernate: 
    drop table if exists carriers cascade 
2025-08-22T07:38:26.813+05:30 DEBUG 34016 --- [           main] org.hibernate.SQL                        : 
    drop table if exists flight_schedules cascade 
Hibernate: 
    drop table if exists flight_schedules cascade 
2025-08-22T07:38:26.813+05:30 DEBUG 34016 --- [           main] org.hibernate.SQL                        : 
    drop table if exists flights cascade 
Hibernate: 
    drop table if exists flights cascade 
2025-08-22T07:38:26.813+05:30 DEBUG 34016 --- [           main] org.hibernate.SQL                        : 
    drop table if exists users cascade 
Hibernate: 
    drop table if exists users cascade 
2025-08-22T07:38:26.818+05:30 DEBUG 34016 --- [           main] org.hibernate.SQL                        : 
    create table bookings (
        booking_amount numeric(10,2) not null,
        date_of_travel date not null,
        discount_amount numeric(10,2),
        no_of_seats integer not null,
        booking_date timestamp(6),
        booking_id bigint generated by default as identity,
        flight_id bigint not null,
        user_id bigint not null,
        booking_status varchar(255) not null check (booking_status in ('BOOKED','CANCELLED','COMPLETED','PENDING')),
        discount_reason varchar(255),
        seat_category varchar(255) not null check (seat_category in ('ECONOMY','BUSINESS','EXECUTIVE')),
        primary key (booking_id)
    )
Hibernate: 
    create table bookings (
        booking_amount numeric(10,2) not null,
        date_of_travel date not null,
        discount_amount numeric(10,2),
        no_of_seats integer not null,
        booking_date timestamp(6),
        booking_id bigint generated by default as identity,
        flight_id bigint not null,
        user_id bigint not null,
        booking_status varchar(255) not null check (booking_status in ('BOOKED','CANCELLED','COMPLETED','PENDING')),
        discount_reason varchar(255),
        seat_category varchar(255) not null check (seat_category in ('ECONOMY','BUSINESS','EXECUTIVE')),
        primary key (booking_id)
    )
2025-08-22T07:38:26.835+05:30 DEBUG 34016 --- [           main] org.hibernate.SQL                        : 
    create table carriers (
        discount_percentage numeric(5,2) not null,
        is_active boolean not null,
        refund_percentage numeric(5,2) not null,
        carrier_id bigint generated by default as identity,
        description varchar(500),
        carrier_name varchar(255) not null unique,
        discount_type varchar(255) not null check (discount_type in ('THIRTY_DAYS','SIXTY_DAYS','NINETY_DAYS','BULK','SILVER','GOLD','PLATINUM')),
        refund_type varchar(255) not null check (refund_type in ('TWO_DAYS','TEN_DAYS','TWENTY_DAYS')),
        primary key (carrier_id)
    )
Hibernate: 
    create table carriers (
        discount_percentage numeric(5,2) not null,
        is_active boolean not null,
        refund_percentage numeric(5,2) not null,
        carrier_id bigint generated by default as identity,
        description varchar(500),
        carrier_name varchar(255) not null unique,
        discount_type varchar(255) not null check (discount_type in ('THIRTY_DAYS','SIXTY_DAYS','NINETY_DAYS','BULK','SILVER','GOLD','PLATINUM')),
        refund_type varchar(255) not null check (refund_type in ('TWO_DAYS','TEN_DAYS','TWENTY_DAYS')),
        primary key (carrier_id)
    )
2025-08-22T07:38:26.839+05:30 DEBUG 34016 --- [           main] org.hibernate.SQL                        : 
    create table flight_schedules (
        booked_count_business integer not null,
        booked_count_economy integer not null,
        booked_count_executive integer not null,
        date_of_travel date not null,
        total_capacity_business integer not null,
        total_capacity_economy integer not null,
        total_capacity_executive integer not null,
        flight_id bigint not null,
        schedule_id bigint generated by default as identity,
        primary key (schedule_id)
    )
Hibernate: 
    create table flight_schedules (
        booked_count_business integer not null,
        booked_count_economy integer not null,
        booked_count_executive integer not null,
        date_of_travel date not null,
        total_capacity_business integer not null,
        total_capacity_economy integer not null,
        total_capacity_executive integer not null,
        flight_id bigint not null,
        schedule_id bigint generated by default as identity,
        primary key (schedule_id)
    )
2025-08-22T07:38:26.840+05:30 DEBUG 34016 --- [           main] org.hibernate.SQL                        : 
    create table flights (
        air_fare numeric(10,2) not null,
        seat_capacity_business integer not null,
        seat_capacity_economy integer not null,
        seat_capacity_executive integer not null,
        carrier_id bigint not null,
        flight_id bigint generated by default as identity,
        destination varchar(255) not null,
        origin varchar(255) not null,
        primary key (flight_id)
    )
Hibernate: 
    create table flights (
        air_fare numeric(10,2) not null,
        seat_capacity_business integer not null,
        seat_capacity_economy integer not null,
        seat_capacity_executive integer not null,
        carrier_id bigint not null,
        flight_id bigint generated by default as identity,
        destination varchar(255) not null,
        origin varchar(255) not null,
        primary key (flight_id)
    )
2025-08-22T07:38:26.841+05:30 DEBUG 34016 --- [           main] org.hibernate.SQL                        : 
    create table users (
        created_at date,
        dob date not null,
        user_id bigint generated by default as identity,
        address1 varchar(255) not null,
        address2 varchar(255),
        city varchar(255) not null,
        customer_category varchar(255) not null check (customer_category in ('REGULAR','SILVER','GOLD','PLATINUM','PREMIUM')),
        email_id varchar(255) not null unique,
        password varchar(255) not null,
        phone varchar(255) not null,
        role varchar(255) not null check (role in ('CUSTOMER','ADMIN','STAFF')),
        state varchar(255) not null,
        user_name varchar(255) not null unique,
        zip_code varchar(255) not null,
        primary key (user_id)
    )
Hibernate: 
    create table users (
        created_at date,
        dob date not null,
        user_id bigint generated by default as identity,
        address1 varchar(255) not null,
        address2 varchar(255),
        city varchar(255) not null,
        customer_category varchar(255) not null check (customer_category in ('REGULAR','SILVER','GOLD','PLATINUM','PREMIUM')),
        email_id varchar(255) not null unique,
        password varchar(255) not null,
        phone varchar(255) not null,
        role varchar(255) not null check (role in ('CUSTOMER','ADMIN','STAFF')),
        state varchar(255) not null,
        user_name varchar(255) not null unique,
        zip_code varchar(255) not null,
        primary key (user_id)
    )
2025-08-22T07:38:26.843+05:30 DEBUG 34016 --- [           main] org.hibernate.SQL                        : 
    alter table if exists flights 
       add constraint FK57ixyqomj8nnbhgtoq987ncfr 
       foreign key (carrier_id) 
       references carriers
Hibernate: 
    alter table if exists flights 
       add constraint FK57ixyqomj8nnbhgtoq987ncfr 
       foreign key (carrier_id) 
       references carriers
2025-08-22T07:38:26.857+05:30  INFO 34016 --- [           main] j.LocalContainerEntityManagerFactoryBean : Initialized JPA EntityManagerFactory for persistence unit 'default'
2025-08-22T07:38:27.353+05:30  INFO 34016 --- [           main] o.s.d.j.r.query.QueryEnhancerFactory     : Hibernate is in classpath; If applicable, HQL parser will be used.
2025-08-22T07:38:28.401+05:30  WARN 34016 --- [           main] JpaBaseConfiguration$JpaWebConfiguration : spring.jpa.open-in-view is enabled by default. Therefore, database queries may be performed during view rendering. Explicitly configure spring.jpa.open-in-view to disable this warning
2025-08-22T07:38:28.449+05:30 DEBUG 34016 --- [           main] s.w.s.m.m.a.RequestMappingHandlerMapping : 32 mappings in 'requestMappingHandlerMapping'
2025-08-22T07:38:28.496+05:30 DEBUG 34016 --- [           main] o.s.w.s.handler.SimpleUrlHandlerMapping  : Patterns [/webjars/**, /**] in 'resourceHandlerMapping'
2025-08-22T07:38:28.508+05:30 DEBUG 34016 --- [           main] s.w.s.m.m.a.RequestMappingHandlerAdapter : ControllerAdvice beans: 0 @ModelAttribute, 0 @InitBinder, 1 RequestBodyAdvice, 1 ResponseBodyAdvice
2025-08-22T07:38:28.513+05:30 DEBUG 34016 --- [           main] .m.m.a.ExceptionHandlerExceptionResolver : ControllerAdvice beans: 0 @ExceptionHandler, 1 ResponseBodyAdvice
2025-08-22T07:38:28.555+05:30  INFO 34016 --- [           main] o.s.b.a.h2.H2ConsoleAutoConfiguration    : H2 console available at '/h2-console'. Database available at 'jdbc:h2:mem:flightdb'
2025-08-22T07:38:28.621+05:30  INFO 34016 --- [           main] c.a.f.FlightManagementApplicationTests   : Started FlightManagementApplicationTests in 4.352 seconds (process running for 10.328)
2025-08-22T07:38:28.733+05:30 DEBUG 34016 --- [           main] org.hibernate.SQL                        : 
    select
        count(*) 
    from
        carriers c1_0
Hibernate: 
    select
        count(*) 
    from
        carriers c1_0
2025-08-22T07:38:28.795+05:30 DEBUG 34016 --- [           main] org.hibernate.SQL                        : 
    insert 
    into
        carriers
        (carrier_name, description, discount_percentage, discount_type, is_active, refund_percentage, refund_type, carrier_id) 
    values
        (?, ?, ?, ?, ?, ?, ?, default)
Hibernate: 
    insert 
    into
        carriers
        (carrier_name, description, discount_percentage, discount_type, is_active, refund_percentage, refund_type, carrier_id) 
    values
        (?, ?, ?, ?, ?, ?, ?, default)
2025-08-22T07:38:28.817+05:30 DEBUG 34016 --- [           main] org.hibernate.SQL                        : 
    insert 
    into
        carriers
        (carrier_name, description, discount_percentage, discount_type, is_active, refund_percentage, refund_type, carrier_id) 
    values
        (?, ?, ?, ?, ?, ?, ?, default)
Hibernate: 
    insert 
    into
        carriers
        (carrier_name, description, discount_percentage, discount_type, is_active, refund_percentage, refund_type, carrier_id) 
    values
        (?, ?, ?, ?, ?, ?, ?, default)
2025-08-22T07:38:28.819+05:30 DEBUG 34016 --- [           main] org.hibernate.SQL                        : 
    insert 
    into
        carriers
        (carrier_name, description, discount_percentage, discount_type, is_active, refund_percentage, refund_type, carrier_id) 
    values
        (?, ?, ?, ?, ?, ?, ?, default)
Hibernate: 
    insert 
    into
        carriers
        (carrier_name, description, discount_percentage, discount_type, is_active, refund_percentage, refund_type, carrier_id) 
    values
        (?, ?, ?, ?, ?, ?, ?, default)
2025-08-22T07:38:28.820+05:30 DEBUG 34016 --- [           main] org.hibernate.SQL                        : 
    insert 
    into
        carriers
        (carrier_name, description, discount_percentage, discount_type, is_active, refund_percentage, refund_type, carrier_id) 
    values
        (?, ?, ?, ?, ?, ?, ?, default)
Hibernate: 
    insert 
    into
        carriers
        (carrier_name, description, discount_percentage, discount_type, is_active, refund_percentage, refund_type, carrier_id) 
    values
        (?, ?, ?, ?, ?, ?, ?, default)
✅ Sample carriers initialized successfully!
2025-08-22T07:38:28.922+05:30 DEBUG 34016 --- [           main] org.hibernate.SQL                        : 
    select
        c1_0.carrier_id,
        c1_0.carrier_name,
        c1_0.description,
        c1_0.discount_percentage,
        c1_0.discount_type,
        c1_0.is_active,
        c1_0.refund_percentage,
        c1_0.refund_type 
    from
        carriers c1_0 
    where
        c1_0.carrier_name=?
Hibernate: 
    select
        c1_0.carrier_id,
        c1_0.carrier_name,
        c1_0.description,
        c1_0.discount_percentage,
        c1_0.discount_type,
        c1_0.is_active,
        c1_0.refund_percentage,
        c1_0.refund_type 
    from
        carriers c1_0 
    where
        c1_0.carrier_name=?
2025-08-22T07:38:28.931+05:30 DEBUG 34016 --- [           main] org.hibernate.SQL                        : 
    select
        c1_0.carrier_id,
        c1_0.carrier_name,
        c1_0.description,
        c1_0.discount_percentage,
        c1_0.discount_type,
        c1_0.is_active,
        c1_0.refund_percentage,
        c1_0.refund_type 
    from
        carriers c1_0 
    where
        c1_0.carrier_name=?
Hibernate: 
    select
        c1_0.carrier_id,
        c1_0.carrier_name,
        c1_0.description,
        c1_0.discount_percentage,
        c1_0.discount_type,
        c1_0.is_active,
        c1_0.refund_percentage,
        c1_0.refund_type 
    from
        carriers c1_0 
    where
        c1_0.carrier_name=?
2025-08-22T07:38:28.932+05:30 DEBUG 34016 --- [           main] org.hibernate.SQL                        : 
    select
        c1_0.carrier_id,
        c1_0.carrier_name,
        c1_0.description,
        c1_0.discount_percentage,
        c1_0.discount_type,
        c1_0.is_active,
        c1_0.refund_percentage,
        c1_0.refund_type 
    from
        carriers c1_0 
    where
        c1_0.carrier_name=?
Hibernate: 
    select
        c1_0.carrier_id,
        c1_0.carrier_name,
        c1_0.description,
        c1_0.discount_percentage,
        c1_0.discount_type,
        c1_0.is_active,
        c1_0.refund_percentage,
        c1_0.refund_type 
    from
        carriers c1_0 
    where
        c1_0.carrier_name=?
2025-08-22T07:38:28.934+05:30 DEBUG 34016 --- [           main] org.hibernate.SQL                        : 
    select
        c1_0.carrier_id,
        c1_0.carrier_name,
        c1_0.description,
        c1_0.discount_percentage,
        c1_0.discount_type,
        c1_0.is_active,
        c1_0.refund_percentage,
        c1_0.refund_type 
    from
        carriers c1_0 
    where
        c1_0.carrier_name=?
Hibernate: 
    select
        c1_0.carrier_id,
        c1_0.carrier_name,
        c1_0.description,
        c1_0.discount_percentage,
        c1_0.discount_type,
        c1_0.is_active,
        c1_0.refund_percentage,
        c1_0.refund_type 
    from
        carriers c1_0 
    where
        c1_0.carrier_name=?
2025-08-22T07:38:28.941+05:30 DEBUG 34016 --- [           main] org.hibernate.SQL                        : 
    insert 
    into
        flights
        (air_fare, carrier_id, destination, origin, seat_capacity_business, seat_capacity_economy, seat_capacity_executive, flight_id) 
    values
        (?, ?, ?, ?, ?, ?, ?, default)
Hibernate: 
    insert 
    into
        flights
        (air_fare, carrier_id, destination, origin, seat_capacity_business, seat_capacity_economy, seat_capacity_executive, flight_id) 
    values
        (?, ?, ?, ?, ?, ?, ?, default)
2025-08-22T07:38:28.944+05:30 DEBUG 34016 --- [           main] org.hibernate.SQL                        : 
    insert 
    into
        flights
        (air_fare, carrier_id, destination, origin, seat_capacity_business, seat_capacity_economy, seat_capacity_executive, flight_id) 
    values
        (?, ?, ?, ?, ?, ?, ?, default)
Hibernate: 
    insert 
    into
        flights
        (air_fare, carrier_id, destination, origin, seat_capacity_business, seat_capacity_economy, seat_capacity_executive, flight_id) 
    values
        (?, ?, ?, ?, ?, ?, ?, default)
2025-08-22T07:38:28.946+05:30 DEBUG 34016 --- [           main] org.hibernate.SQL                        : 
    insert 
    into
        flights
        (air_fare, carrier_id, destination, origin, seat_capacity_business, seat_capacity_economy, seat_capacity_executive, flight_id) 
    values
        (?, ?, ?, ?, ?, ?, ?, default)
Hibernate: 
    insert 
    into
        flights
        (air_fare, carrier_id, destination, origin, seat_capacity_business, seat_capacity_economy, seat_capacity_executive, flight_id) 
    values
        (?, ?, ?, ?, ?, ?, ?, default)
2025-08-22T07:38:28.948+05:30 DEBUG 34016 --- [           main] org.hibernate.SQL                        : 
    insert 
    into
        flights
        (air_fare, carrier_id, destination, origin, seat_capacity_business, seat_capacity_economy, seat_capacity_executive, flight_id) 
    values
        (?, ?, ?, ?, ?, ?, ?, default)
Hibernate: 
    insert 
    into
        flights
        (air_fare, carrier_id, destination, origin, seat_capacity_business, seat_capacity_economy, seat_capacity_executive, flight_id) 
    values
        (?, ?, ?, ?, ?, ?, ?, default)
2025-08-22T07:38:28.950+05:30 DEBUG 34016 --- [           main] org.hibernate.SQL                        : 
    insert 
    into
        flights
        (air_fare, carrier_id, destination, origin, seat_capacity_business, seat_capacity_economy, seat_capacity_executive, flight_id) 
    values
        (?, ?, ?, ?, ?, ?, ?, default)
Hibernate: 
    insert 
    into
        flights
        (air_fare, carrier_id, destination, origin, seat_capacity_business, seat_capacity_economy, seat_capacity_executive, flight_id) 
    values
        (?, ?, ?, ?, ?, ?, ?, default)
2025-08-22T07:38:28.953+05:30 DEBUG 34016 --- [           main] org.hibernate.SQL                        : 
    insert 
    into
        flights
        (air_fare, carrier_id, destination, origin, seat_capacity_business, seat_capacity_economy, seat_capacity_executive, flight_id) 
    values
        (?, ?, ?, ?, ?, ?, ?, default)
Hibernate: 
    insert 
    into
        flights
        (air_fare, carrier_id, destination, origin, seat_capacity_business, seat_capacity_economy, seat_capacity_executive, flight_id) 
    values
        (?, ?, ?, ?, ?, ?, ?, default)
✅ Sample flights initialized successfully!
]]></system-out>
  </testcase>
</testsuite>